Checking whether the ASM compiler is GNU using "--version" did not match "(GNU assembler)|(GCC)|(Free Software Foundation)":
Debian clang version 11.0.1-2
Target: aarch64-unknown-linux-gnu
Thread model: posix
InstalledDir: /usr/bin
Performing C SOURCE FILE Test CMAKE_HAVE_LIBC_PTHREAD failed with the following output:
Change Dir: /home/pi/ppsspp/build/CMakeFiles/CMakeTmp

Run Build Command(s):/usr/bin/gmake cmTC_bb787/fast && /usr/bin/gmake  -f CMakeFiles/cmTC_bb787.dir/build.make CMakeFiles/cmTC_bb787.dir/build
gmake[1]: Entering directory '/home/pi/ppsspp/build/CMakeFiles/CMakeTmp'
Building C object CMakeFiles/cmTC_bb787.dir/src.c.o
/usr/bin/cc  -isystem /opt/vc/include -isystem /opt/vc/include/interface/vcos/pthreads -isystem /opt/vc/include/interface/vmcx_host/linux -march=armv8-a+crc -mtune=cortex-a72 -funsafe-math-optimizations -march=armv8-a+crc -mtune=cortex-a72 -funsafe-math-optimizations -DCMAKE_HAVE_LIBC_PTHREAD -o CMakeFiles/cmTC_bb787.dir/src.c.o -c /home/pi/ppsspp/build/CMakeFiles/CMakeTmp/src.c
Linking C executable cmTC_bb787
/usr/bin/cmake -E cmake_link_script CMakeFiles/cmTC_bb787.dir/link.txt --verbose=1
/usr/bin/cc  -march=armv8-a+crc -mtune=cortex-a72 -funsafe-math-optimizations -march=armv8-a+crc -mtune=cortex-a72 -funsafe-math-optimizations -DCMAKE_HAVE_LIBC_PTHREAD -L/opt/vc/lib  CMakeFiles/cmTC_bb787.dir/src.c.o -o cmTC_bb787 
/usr/bin/ld: CMakeFiles/cmTC_bb787.dir/src.c.o: in function `main':
src.c:(.text+0x40): undefined reference to `pthread_create'
/usr/bin/ld: src.c:(.text+0x4c): undefined reference to `pthread_detach'
/usr/bin/ld: src.c:(.text+0x58): undefined reference to `pthread_cancel'
/usr/bin/ld: src.c:(.text+0x68): undefined reference to `pthread_join'
clang: error: linker command failed with exit code 1 (use -v to see invocation)
gmake[1]: *** [CMakeFiles/cmTC_bb787.dir/build.make:106: cmTC_bb787] Error 1
gmake[1]: Leaving directory '/home/pi/ppsspp/build/CMakeFiles/CMakeTmp'
gmake: *** [Makefile:140: cmTC_bb787/fast] Error 2


Source file was:
#include <pthread.h>

void* test_func(void* data)
{
  return data;
}

int main(void)
{
  pthread_t thread;
  pthread_create(&thread, NULL, test_func, NULL);
  pthread_detach(thread);
  pthread_cancel(thread);
  pthread_join(thread, NULL);
  pthread_atfork(NULL, NULL, NULL);
  pthread_exit(NULL);

  return 0;
}

Determining if the function pthread_create exists in the pthreads failed with the following output:
Change Dir: /home/pi/ppsspp/build/CMakeFiles/CMakeTmp

Run Build Command(s):/usr/bin/gmake cmTC_8259c/fast && /usr/bin/gmake  -f CMakeFiles/cmTC_8259c.dir/build.make CMakeFiles/cmTC_8259c.dir/build
gmake[1]: Entering directory '/home/pi/ppsspp/build/CMakeFiles/CMakeTmp'
Building C object CMakeFiles/cmTC_8259c.dir/CheckFunctionExists.c.o
/usr/bin/cc  -isystem /opt/vc/include -isystem /opt/vc/include/interface/vcos/pthreads -isystem /opt/vc/include/interface/vmcx_host/linux -march=armv8-a+crc -mtune=cortex-a72 -funsafe-math-optimizations -march=armv8-a+crc -mtune=cortex-a72 -funsafe-math-optimizations -DCHECK_FUNCTION_EXISTS=pthread_create -o CMakeFiles/cmTC_8259c.dir/CheckFunctionExists.c.o -c /usr/share/cmake-3.18/Modules/CheckFunctionExists.c
Linking C executable cmTC_8259c
/usr/bin/cmake -E cmake_link_script CMakeFiles/cmTC_8259c.dir/link.txt --verbose=1
/usr/bin/cc  -march=armv8-a+crc -mtune=cortex-a72 -funsafe-math-optimizations -march=armv8-a+crc -mtune=cortex-a72 -funsafe-math-optimizations -DCHECK_FUNCTION_EXISTS=pthread_create -L/opt/vc/lib  CMakeFiles/cmTC_8259c.dir/CheckFunctionExists.c.o -o cmTC_8259c  -lpthreads 
/usr/bin/ld: cannot find -lpthreads
clang: error: linker command failed with exit code 1 (use -v to see invocation)
gmake[1]: *** [CMakeFiles/cmTC_8259c.dir/build.make:106: cmTC_8259c] Error 1
gmake[1]: Leaving directory '/home/pi/ppsspp/build/CMakeFiles/CMakeTmp'
gmake: *** [Makefile:140: cmTC_8259c/fast] Error 2



