The system is: Linux - 5.10.63-v8+ - aarch64
Compiling the C compiler identification source file "CMakeCCompilerId.c" succeeded.
Compiler: /usr/bin/cc 
Build flags: ;-march=armv8-a+crc;-mtune=cortex-a72;-funsafe-math-optimizations;-march=armv8-a+crc;-mtune=cortex-a72;-funsafe-math-optimizations
Id flags:  

The output was:
0


Compilation of the C compiler identification source "CMakeCCompilerId.c" produced "a.out"

The C compiler identification is Clang, found in "/home/pi/ppsspp/build/CMakeFiles/3.18.4/CompilerIdC/a.out"

Compiling the CXX compiler identification source file "CMakeCXXCompilerId.cpp" succeeded.
Compiler: /usr/bin/c++ 
Build flags: ;-march=armv8-a+crc;-mtune=cortex-a72;-funsafe-math-optimizations;-march=armv8-a+crc;-mtune=cortex-a72;-funsafe-math-optimizations
Id flags:  

The output was:
0


Compilation of the CXX compiler identification source "CMakeCXXCompilerId.cpp" produced "a.out"

The CXX compiler identification is Clang, found in "/home/pi/ppsspp/build/CMakeFiles/3.18.4/CompilerIdCXX/a.out"

Detecting C compiler ABI info compiled with the following output:
Change Dir: /home/pi/ppsspp/build/CMakeFiles/CMakeTmp

Run Build Command(s):/usr/bin/gmake cmTC_2b9bc/fast && /usr/bin/gmake  -f CMakeFiles/cmTC_2b9bc.dir/build.make CMakeFiles/cmTC_2b9bc.dir/build
gmake[1]: Entering directory '/home/pi/ppsspp/build/CMakeFiles/CMakeTmp'
Building C object CMakeFiles/cmTC_2b9bc.dir/CMakeCCompilerABI.c.o
/usr/bin/cc   -march=armv8-a+crc -mtune=cortex-a72 -funsafe-math-optimizations -march=armv8-a+crc -mtune=cortex-a72 -funsafe-math-optimizations    -v -o CMakeFiles/cmTC_2b9bc.dir/CMakeCCompilerABI.c.o -c /usr/share/cmake-3.18/Modules/CMakeCCompilerABI.c
Debian clang version 11.0.1-2
Target: aarch64-unknown-linux-gnu
Thread model: posix
InstalledDir: /usr/bin
Found candidate GCC installation: /usr/bin/../lib/gcc/aarch64-linux-gnu/10
Found candidate GCC installation: /usr/bin/../lib/gcc/aarch64-linux-gnu/8
Found candidate GCC installation: /usr/lib/gcc/aarch64-linux-gnu/10
Found candidate GCC installation: /usr/lib/gcc/aarch64-linux-gnu/8
Selected GCC installation: /usr/bin/../lib/gcc/aarch64-linux-gnu/10
Candidate multilib: .;@m64
Selected multilib: .;@m64
 (in-process)
 "/usr/lib/llvm-11/bin/clang" -cc1 -triple aarch64-unknown-linux-gnu -emit-obj -mrelax-all -disable-free -disable-llvm-verifier -discard-value-names -main-file-name CMakeCCompilerABI.c -mrelocation-model static -mframe-pointer=non-leaf -fmath-errno -fno-signed-zeros -mreassociate -freciprocal-math -fno-rounding-math -mconstructor-aliases -target-cpu generic -target-feature +neon -target-feature +crc -target-abi aapcs -fallow-half-arguments-and-returns -fno-split-dwarf-inlining -debugger-tuning=gdb -v -resource-dir /usr/lib/llvm-11/lib/clang/11.0.1 -internal-isystem /usr/local/include -internal-isystem /usr/lib/llvm-11/lib/clang/11.0.1/include -internal-externc-isystem /usr/include/aarch64-linux-gnu -internal-externc-isystem /include -internal-externc-isystem /usr/include -fdebug-compilation-dir /home/pi/ppsspp/build/CMakeFiles/CMakeTmp -ferror-limit 19 -fno-signed-char -fgnuc-version=4.2.1 -faddrsig -o CMakeFiles/cmTC_2b9bc.dir/CMakeCCompilerABI.c.o -x c /usr/share/cmake-3.18/Modules/CMakeCCompilerABI.c
clang -cc1 version 11.0.1 based upon LLVM 11.0.1 default target aarch64-unknown-linux-gnu
ignoring nonexistent directory "/include"
#include "..." search starts here:
#include <...> search starts here:
 /usr/local/include
 /usr/lib/llvm-11/lib/clang/11.0.1/include
 /usr/include/aarch64-linux-gnu
 /usr/include
End of search list.
Linking C executable cmTC_2b9bc
/usr/bin/cmake -E cmake_link_script CMakeFiles/cmTC_2b9bc.dir/link.txt --verbose=1
/usr/bin/cc  -march=armv8-a+crc -mtune=cortex-a72 -funsafe-math-optimizations -march=armv8-a+crc -mtune=cortex-a72 -funsafe-math-optimizations  -L/opt/vc/lib -v CMakeFiles/cmTC_2b9bc.dir/CMakeCCompilerABI.c.o -o cmTC_2b9bc 
Debian clang version 11.0.1-2
Target: aarch64-unknown-linux-gnu
Thread model: posix
InstalledDir: /usr/bin
Found candidate GCC installation: /usr/bin/../lib/gcc/aarch64-linux-gnu/10
Found candidate GCC installation: /usr/bin/../lib/gcc/aarch64-linux-gnu/8
Found candidate GCC installation: /usr/lib/gcc/aarch64-linux-gnu/10
Found candidate GCC installation: /usr/lib/gcc/aarch64-linux-gnu/8
Selected GCC installation: /usr/bin/../lib/gcc/aarch64-linux-gnu/10
Candidate multilib: .;@m64
Selected multilib: .;@m64
 "/usr/bin/ld" -EL --hash-style=both --build-id --eh-frame-hdr -m aarch64linux -dynamic-linker /lib/ld-linux-aarch64.so.1 -o cmTC_2b9bc /usr/bin/../lib/gcc/aarch64-linux-gnu/10/../../../aarch64-linux-gnu/crt1.o /usr/bin/../lib/gcc/aarch64-linux-gnu/10/../../../aarch64-linux-gnu/crti.o /usr/bin/../lib/gcc/aarch64-linux-gnu/10/crtbegin.o /usr/bin/../lib/gcc/aarch64-linux-gnu/10/crtfastmath.o -L/opt/vc/lib -L/usr/bin/../lib/gcc/aarch64-linux-gnu/10 -L/usr/bin/../lib/gcc/aarch64-linux-gnu/10/../../../aarch64-linux-gnu -L/lib/aarch64-linux-gnu -L/usr/lib/aarch64-linux-gnu -L/usr/bin/../lib/gcc/aarch64-linux-gnu/10/../../.. -L/usr/lib/llvm-11/bin/../lib -L/lib -L/usr/lib CMakeFiles/cmTC_2b9bc.dir/CMakeCCompilerABI.c.o -lgcc --as-needed -lgcc_s --no-as-needed -lc -lgcc --as-needed -lgcc_s --no-as-needed /usr/bin/../lib/gcc/aarch64-linux-gnu/10/crtend.o /usr/bin/../lib/gcc/aarch64-linux-gnu/10/../../../aarch64-linux-gnu/crtn.o
gmake[1]: Leaving directory '/home/pi/ppsspp/build/CMakeFiles/CMakeTmp'



Parsed C implicit include dir info from above output: rv=done
  found start of include info
  found start of implicit include info
    add: [/usr/local/include]
    add: [/usr/lib/llvm-11/lib/clang/11.0.1/include]
    add: [/usr/include/aarch64-linux-gnu]
    add: [/usr/include]
  end of search list found
  collapse include dir [/usr/local/include] ==> [/usr/local/include]
  collapse include dir [/usr/lib/llvm-11/lib/clang/11.0.1/include] ==> [/usr/lib/llvm-11/lib/clang/11.0.1/include]
  collapse include dir [/usr/include/aarch64-linux-gnu] ==> [/usr/include/aarch64-linux-gnu]
  collapse include dir [/usr/include] ==> [/usr/include]
  implicit include dirs: [/usr/local/include;/usr/lib/llvm-11/lib/clang/11.0.1/include;/usr/include/aarch64-linux-gnu;/usr/include]


Parsed C implicit link information from above output:
  link line regex: [^( *|.*[/\])(ld|CMAKE_LINK_STARTFILE-NOTFOUND|([^/\]+-)?ld|collect2)[^/\]*( |$)]
  ignore line: [Change Dir: /home/pi/ppsspp/build/CMakeFiles/CMakeTmp]
  ignore line: []
  ignore line: [Run Build Command(s):/usr/bin/gmake cmTC_2b9bc/fast && /usr/bin/gmake  -f CMakeFiles/cmTC_2b9bc.dir/build.make CMakeFiles/cmTC_2b9bc.dir/build]
  ignore line: [gmake[1]: Entering directory '/home/pi/ppsspp/build/CMakeFiles/CMakeTmp']
  ignore line: [Building C object CMakeFiles/cmTC_2b9bc.dir/CMakeCCompilerABI.c.o]
  ignore line: [/usr/bin/cc   -march=armv8-a+crc -mtune=cortex-a72 -funsafe-math-optimizations -march=armv8-a+crc -mtune=cortex-a72 -funsafe-math-optimizations    -v -o CMakeFiles/cmTC_2b9bc.dir/CMakeCCompilerABI.c.o -c /usr/share/cmake-3.18/Modules/CMakeCCompilerABI.c]
  ignore line: [Debian clang version 11.0.1-2]
  ignore line: [Target: aarch64-unknown-linux-gnu]
  ignore line: [Thread model: posix]
  ignore line: [InstalledDir: /usr/bin]
  ignore line: [Found candidate GCC installation: /usr/bin/../lib/gcc/aarch64-linux-gnu/10]
  ignore line: [Found candidate GCC installation: /usr/bin/../lib/gcc/aarch64-linux-gnu/8]
  ignore line: [Found candidate GCC installation: /usr/lib/gcc/aarch64-linux-gnu/10]
  ignore line: [Found candidate GCC installation: /usr/lib/gcc/aarch64-linux-gnu/8]
  ignore line: [Selected GCC installation: /usr/bin/../lib/gcc/aarch64-linux-gnu/10]
  ignore line: [Candidate multilib: .]
  ignore line: [@m64]
  ignore line: [Selected multilib: .]
  ignore line: [@m64]
  ignore line: [ (in-process)]
  ignore line: [ "/usr/lib/llvm-11/bin/clang" -cc1 -triple aarch64-unknown-linux-gnu -emit-obj -mrelax-all -disable-free -disable-llvm-verifier -discard-value-names -main-file-name CMakeCCompilerABI.c -mrelocation-model static -mframe-pointer=non-leaf -fmath-errno -fno-signed-zeros -mreassociate -freciprocal-math -fno-rounding-math -mconstructor-aliases -target-cpu generic -target-feature +neon -target-feature +crc -target-abi aapcs -fallow-half-arguments-and-returns -fno-split-dwarf-inlining -debugger-tuning=gdb -v -resource-dir /usr/lib/llvm-11/lib/clang/11.0.1 -internal-isystem /usr/local/include -internal-isystem /usr/lib/llvm-11/lib/clang/11.0.1/include -internal-externc-isystem /usr/include/aarch64-linux-gnu -internal-externc-isystem /include -internal-externc-isystem /usr/include -fdebug-compilation-dir /home/pi/ppsspp/build/CMakeFiles/CMakeTmp -ferror-limit 19 -fno-signed-char -fgnuc-version=4.2.1 -faddrsig -o CMakeFiles/cmTC_2b9bc.dir/CMakeCCompilerABI.c.o -x c /usr/share/cmake-3.18/Modules/CMakeCCompilerABI.c]
  ignore line: [clang -cc1 version 11.0.1 based upon LLVM 11.0.1 default target aarch64-unknown-linux-gnu]
  ignore line: [ignoring nonexistent directory "/include"]
  ignore line: [#include "..." search starts here:]
  ignore line: [#include <...> search starts here:]
  ignore line: [ /usr/local/include]
  ignore line: [ /usr/lib/llvm-11/lib/clang/11.0.1/include]
  ignore line: [ /usr/include/aarch64-linux-gnu]
  ignore line: [ /usr/include]
  ignore line: [End of search list.]
  ignore line: [Linking C executable cmTC_2b9bc]
  ignore line: [/usr/bin/cmake -E cmake_link_script CMakeFiles/cmTC_2b9bc.dir/link.txt --verbose=1]
  ignore line: [/usr/bin/cc  -march=armv8-a+crc -mtune=cortex-a72 -funsafe-math-optimizations -march=armv8-a+crc -mtune=cortex-a72 -funsafe-math-optimizations  -L/opt/vc/lib -v CMakeFiles/cmTC_2b9bc.dir/CMakeCCompilerABI.c.o -o cmTC_2b9bc ]
  ignore line: [Debian clang version 11.0.1-2]
  ignore line: [Target: aarch64-unknown-linux-gnu]
  ignore line: [Thread model: posix]
  ignore line: [InstalledDir: /usr/bin]
  ignore line: [Found candidate GCC installation: /usr/bin/../lib/gcc/aarch64-linux-gnu/10]
  ignore line: [Found candidate GCC installation: /usr/bin/../lib/gcc/aarch64-linux-gnu/8]
  ignore line: [Found candidate GCC installation: /usr/lib/gcc/aarch64-linux-gnu/10]
  ignore line: [Found candidate GCC installation: /usr/lib/gcc/aarch64-linux-gnu/8]
  ignore line: [Selected GCC installation: /usr/bin/../lib/gcc/aarch64-linux-gnu/10]
  ignore line: [Candidate multilib: .]
  ignore line: [@m64]
  ignore line: [Selected multilib: .]
  ignore line: [@m64]
  link line: [ "/usr/bin/ld" -EL --hash-style=both --build-id --eh-frame-hdr -m aarch64linux -dynamic-linker /lib/ld-linux-aarch64.so.1 -o cmTC_2b9bc /usr/bin/../lib/gcc/aarch64-linux-gnu/10/../../../aarch64-linux-gnu/crt1.o /usr/bin/../lib/gcc/aarch64-linux-gnu/10/../../../aarch64-linux-gnu/crti.o /usr/bin/../lib/gcc/aarch64-linux-gnu/10/crtbegin.o /usr/bin/../lib/gcc/aarch64-linux-gnu/10/crtfastmath.o -L/opt/vc/lib -L/usr/bin/../lib/gcc/aarch64-linux-gnu/10 -L/usr/bin/../lib/gcc/aarch64-linux-gnu/10/../../../aarch64-linux-gnu -L/lib/aarch64-linux-gnu -L/usr/lib/aarch64-linux-gnu -L/usr/bin/../lib/gcc/aarch64-linux-gnu/10/../../.. -L/usr/lib/llvm-11/bin/../lib -L/lib -L/usr/lib CMakeFiles/cmTC_2b9bc.dir/CMakeCCompilerABI.c.o -lgcc --as-needed -lgcc_s --no-as-needed -lc -lgcc --as-needed -lgcc_s --no-as-needed /usr/bin/../lib/gcc/aarch64-linux-gnu/10/crtend.o /usr/bin/../lib/gcc/aarch64-linux-gnu/10/../../../aarch64-linux-gnu/crtn.o]
    arg [/usr/bin/ld] ==> ignore
    arg [-EL] ==> ignore
    arg [--hash-style=both] ==> ignore
    arg [--build-id] ==> ignore
    arg [--eh-frame-hdr] ==> ignore
    arg [-m] ==> ignore
    arg [aarch64linux] ==> ignore
    arg [-dynamic-linker] ==> ignore
    arg [/lib/ld-linux-aarch64.so.1] ==> ignore
    arg [-o] ==> ignore
    arg [cmTC_2b9bc] ==> ignore
    arg [/usr/bin/../lib/gcc/aarch64-linux-gnu/10/../../../aarch64-linux-gnu/crt1.o] ==> ignore
    arg [/usr/bin/../lib/gcc/aarch64-linux-gnu/10/../../../aarch64-linux-gnu/crti.o] ==> ignore
    arg [/usr/bin/../lib/gcc/aarch64-linux-gnu/10/crtbegin.o] ==> ignore
    arg [/usr/bin/../lib/gcc/aarch64-linux-gnu/10/crtfastmath.o] ==> ignore
    arg [-L/opt/vc/lib] ==> dir [/opt/vc/lib]
    arg [-L/usr/bin/../lib/gcc/aarch64-linux-gnu/10] ==> dir [/usr/bin/../lib/gcc/aarch64-linux-gnu/10]
    arg [-L/usr/bin/../lib/gcc/aarch64-linux-gnu/10/../../../aarch64-linux-gnu] ==> dir [/usr/bin/../lib/gcc/aarch64-linux-gnu/10/../../../aarch64-linux-gnu]
    arg [-L/lib/aarch64-linux-gnu] ==> dir [/lib/aarch64-linux-gnu]
    arg [-L/usr/lib/aarch64-linux-gnu] ==> dir [/usr/lib/aarch64-linux-gnu]
    arg [-L/usr/bin/../lib/gcc/aarch64-linux-gnu/10/../../..] ==> dir [/usr/bin/../lib/gcc/aarch64-linux-gnu/10/../../..]
    arg [-L/usr/lib/llvm-11/bin/../lib] ==> dir [/usr/lib/llvm-11/bin/../lib]
    arg [-L/lib] ==> dir [/lib]
    arg [-L/usr/lib] ==> dir [/usr/lib]
    arg [CMakeFiles/cmTC_2b9bc.dir/CMakeCCompilerABI.c.o] ==> ignore
    arg [-lgcc] ==> lib [gcc]
    arg [--as-needed] ==> ignore
    arg [-lgcc_s] ==> lib [gcc_s]
    arg [--no-as-needed] ==> ignore
    arg [-lc] ==> lib [c]
    arg [-lgcc] ==> lib [gcc]
    arg [--as-needed] ==> ignore
    arg [-lgcc_s] ==> lib [gcc_s]
    arg [--no-as-needed] ==> ignore
    arg [/usr/bin/../lib/gcc/aarch64-linux-gnu/10/crtend.o] ==> ignore
    arg [/usr/bin/../lib/gcc/aarch64-linux-gnu/10/../../../aarch64-linux-gnu/crtn.o] ==> ignore
  collapse library dir [/opt/vc/lib] ==> [/opt/vc/lib]
  collapse library dir [/usr/bin/../lib/gcc/aarch64-linux-gnu/10] ==> [/usr/lib/gcc/aarch64-linux-gnu/10]
  collapse library dir [/usr/bin/../lib/gcc/aarch64-linux-gnu/10/../../../aarch64-linux-gnu] ==> [/usr/lib/aarch64-linux-gnu]
  collapse library dir [/lib/aarch64-linux-gnu] ==> [/lib/aarch64-linux-gnu]
  collapse library dir [/usr/lib/aarch64-linux-gnu] ==> [/usr/lib/aarch64-linux-gnu]
  collapse library dir [/usr/bin/../lib/gcc/aarch64-linux-gnu/10/../../..] ==> [/usr/lib]
  collapse library dir [/usr/lib/llvm-11/bin/../lib] ==> [/usr/lib/llvm-11/lib]
  collapse library dir [/lib] ==> [/lib]
  collapse library dir [/usr/lib] ==> [/usr/lib]
  implicit libs: [gcc;gcc_s;c;gcc;gcc_s]
  implicit dirs: [/opt/vc/lib;/usr/lib/gcc/aarch64-linux-gnu/10;/usr/lib/aarch64-linux-gnu;/lib/aarch64-linux-gnu;/usr/lib;/usr/lib/llvm-11/lib;/lib]
  implicit fwks: []


Detecting CXX compiler ABI info compiled with the following output:
Change Dir: /home/pi/ppsspp/build/CMakeFiles/CMakeTmp

Run Build Command(s):/usr/bin/gmake cmTC_2a024/fast && /usr/bin/gmake  -f CMakeFiles/cmTC_2a024.dir/build.make CMakeFiles/cmTC_2a024.dir/build
gmake[1]: Entering directory '/home/pi/ppsspp/build/CMakeFiles/CMakeTmp'
Building CXX object CMakeFiles/cmTC_2a024.dir/CMakeCXXCompilerABI.cpp.o
/usr/bin/c++   -march=armv8-a+crc -mtune=cortex-a72 -funsafe-math-optimizations -march=armv8-a+crc -mtune=cortex-a72 -funsafe-math-optimizations    -v -o CMakeFiles/cmTC_2a024.dir/CMakeCXXCompilerABI.cpp.o -c /usr/share/cmake-3.18/Modules/CMakeCXXCompilerABI.cpp
Debian clang version 11.0.1-2
Target: aarch64-unknown-linux-gnu
Thread model: posix
InstalledDir: /usr/bin
Found candidate GCC installation: /usr/bin/../lib/gcc/aarch64-linux-gnu/10
Found candidate GCC installation: /usr/bin/../lib/gcc/aarch64-linux-gnu/8
Found candidate GCC installation: /usr/lib/gcc/aarch64-linux-gnu/10
Found candidate GCC installation: /usr/lib/gcc/aarch64-linux-gnu/8
Selected GCC installation: /usr/bin/../lib/gcc/aarch64-linux-gnu/10
Candidate multilib: .;@m64
Selected multilib: .;@m64
 (in-process)
 "/usr/lib/llvm-11/bin/clang" -cc1 -triple aarch64-unknown-linux-gnu -emit-obj -mrelax-all -disable-free -disable-llvm-verifier -discard-value-names -main-file-name CMakeCXXCompilerABI.cpp -mrelocation-model static -mframe-pointer=non-leaf -fmath-errno -fno-signed-zeros -mreassociate -freciprocal-math -fno-rounding-math -mconstructor-aliases -target-cpu generic -target-feature +neon -target-feature +crc -target-abi aapcs -fallow-half-arguments-and-returns -fno-split-dwarf-inlining -debugger-tuning=gdb -v -resource-dir /usr/lib/llvm-11/lib/clang/11.0.1 -internal-isystem /usr/bin/../lib/gcc/aarch64-linux-gnu/10/../../../../include/c++/10 -internal-isystem /usr/bin/../lib/gcc/aarch64-linux-gnu/10/../../../../include/aarch64-linux-gnu/c++/10 -internal-isystem /usr/bin/../lib/gcc/aarch64-linux-gnu/10/../../../../include/aarch64-linux-gnu/c++/10 -internal-isystem /usr/bin/../lib/gcc/aarch64-linux-gnu/10/../../../../include/c++/10/backward -internal-isystem /usr/local/include -internal-isystem /usr/lib/llvm-11/lib/clang/11.0.1/include -internal-externc-isystem /usr/include/aarch64-linux-gnu -internal-externc-isystem /include -internal-externc-isystem /usr/include -fdeprecated-macro -fdebug-compilation-dir /home/pi/ppsspp/build/CMakeFiles/CMakeTmp -ferror-limit 19 -fno-signed-char -fgnuc-version=4.2.1 -fcxx-exceptions -fexceptions -faddrsig -o CMakeFiles/cmTC_2a024.dir/CMakeCXXCompilerABI.cpp.o -x c++ /usr/share/cmake-3.18/Modules/CMakeCXXCompilerABI.cpp
clang -cc1 version 11.0.1 based upon LLVM 11.0.1 default target aarch64-unknown-linux-gnu
ignoring nonexistent directory "/include"
ignoring duplicate directory "/usr/bin/../lib/gcc/aarch64-linux-gnu/10/../../../../include/aarch64-linux-gnu/c++/10"
#include "..." search starts here:
#include <...> search starts here:
 /usr/bin/../lib/gcc/aarch64-linux-gnu/10/../../../../include/c++/10
 /usr/bin/../lib/gcc/aarch64-linux-gnu/10/../../../../include/aarch64-linux-gnu/c++/10
 /usr/bin/../lib/gcc/aarch64-linux-gnu/10/../../../../include/c++/10/backward
 /usr/local/include
 /usr/lib/llvm-11/lib/clang/11.0.1/include
 /usr/include/aarch64-linux-gnu
 /usr/include
End of search list.
Linking CXX executable cmTC_2a024
/usr/bin/cmake -E cmake_link_script CMakeFiles/cmTC_2a024.dir/link.txt --verbose=1
/usr/bin/c++  -march=armv8-a+crc -mtune=cortex-a72 -funsafe-math-optimizations -march=armv8-a+crc -mtune=cortex-a72 -funsafe-math-optimizations  -L/opt/vc/lib -v CMakeFiles/cmTC_2a024.dir/CMakeCXXCompilerABI.cpp.o -o cmTC_2a024 
Debian clang version 11.0.1-2
Target: aarch64-unknown-linux-gnu
Thread model: posix
InstalledDir: /usr/bin
Found candidate GCC installation: /usr/bin/../lib/gcc/aarch64-linux-gnu/10
Found candidate GCC installation: /usr/bin/../lib/gcc/aarch64-linux-gnu/8
Found candidate GCC installation: /usr/lib/gcc/aarch64-linux-gnu/10
Found candidate GCC installation: /usr/lib/gcc/aarch64-linux-gnu/8
Selected GCC installation: /usr/bin/../lib/gcc/aarch64-linux-gnu/10
Candidate multilib: .;@m64
Selected multilib: .;@m64
 "/usr/bin/ld" -EL --hash-style=both --build-id --eh-frame-hdr -m aarch64linux -dynamic-linker /lib/ld-linux-aarch64.so.1 -o cmTC_2a024 /usr/bin/../lib/gcc/aarch64-linux-gnu/10/../../../aarch64-linux-gnu/crt1.o /usr/bin/../lib/gcc/aarch64-linux-gnu/10/../../../aarch64-linux-gnu/crti.o /usr/bin/../lib/gcc/aarch64-linux-gnu/10/crtbegin.o /usr/bin/../lib/gcc/aarch64-linux-gnu/10/crtfastmath.o -L/opt/vc/lib -L/usr/bin/../lib/gcc/aarch64-linux-gnu/10 -L/usr/bin/../lib/gcc/aarch64-linux-gnu/10/../../../aarch64-linux-gnu -L/lib/aarch64-linux-gnu -L/usr/lib/aarch64-linux-gnu -L/usr/bin/../lib/gcc/aarch64-linux-gnu/10/../../.. -L/usr/lib/llvm-11/bin/../lib -L/lib -L/usr/lib CMakeFiles/cmTC_2a024.dir/CMakeCXXCompilerABI.cpp.o -lstdc++ -lm -lgcc_s -lgcc -lc -lgcc_s -lgcc /usr/bin/../lib/gcc/aarch64-linux-gnu/10/crtend.o /usr/bin/../lib/gcc/aarch64-linux-gnu/10/../../../aarch64-linux-gnu/crtn.o
gmake[1]: Leaving directory '/home/pi/ppsspp/build/CMakeFiles/CMakeTmp'



Parsed CXX implicit include dir info from above output: rv=done
  found start of include info
  found start of implicit include info
    add: [/usr/bin/../lib/gcc/aarch64-linux-gnu/10/../../../../include/c++/10]
    add: [/usr/bin/../lib/gcc/aarch64-linux-gnu/10/../../../../include/aarch64-linux-gnu/c++/10]
    add: [/usr/bin/../lib/gcc/aarch64-linux-gnu/10/../../../../include/c++/10/backward]
    add: [/usr/local/include]
    add: [/usr/lib/llvm-11/lib/clang/11.0.1/include]
    add: [/usr/include/aarch64-linux-gnu]
    add: [/usr/include]
  end of search list found
  collapse include dir [/usr/bin/../lib/gcc/aarch64-linux-gnu/10/../../../../include/c++/10] ==> [/usr/include/c++/10]
  collapse include dir [/usr/bin/../lib/gcc/aarch64-linux-gnu/10/../../../../include/aarch64-linux-gnu/c++/10] ==> [/usr/include/aarch64-linux-gnu/c++/10]
  collapse include dir [/usr/bin/../lib/gcc/aarch64-linux-gnu/10/../../../../include/c++/10/backward] ==> [/usr/include/c++/10/backward]
  collapse include dir [/usr/local/include] ==> [/usr/local/include]
  collapse include dir [/usr/lib/llvm-11/lib/clang/11.0.1/include] ==> [/usr/lib/llvm-11/lib/clang/11.0.1/include]
  collapse include dir [/usr/include/aarch64-linux-gnu] ==> [/usr/include/aarch64-linux-gnu]
  collapse include dir [/usr/include] ==> [/usr/include]
  implicit include dirs: [/usr/include/c++/10;/usr/include/aarch64-linux-gnu/c++/10;/usr/include/c++/10/backward;/usr/local/include;/usr/lib/llvm-11/lib/clang/11.0.1/include;/usr/include/aarch64-linux-gnu;/usr/include]


Parsed CXX implicit link information from above output:
  link line regex: [^( *|.*[/\])(ld|CMAKE_LINK_STARTFILE-NOTFOUND|([^/\]+-)?ld|collect2)[^/\]*( |$)]
  ignore line: [Change Dir: /home/pi/ppsspp/build/CMakeFiles/CMakeTmp]
  ignore line: []
  ignore line: [Run Build Command(s):/usr/bin/gmake cmTC_2a024/fast && /usr/bin/gmake  -f CMakeFiles/cmTC_2a024.dir/build.make CMakeFiles/cmTC_2a024.dir/build]
  ignore line: [gmake[1]: Entering directory '/home/pi/ppsspp/build/CMakeFiles/CMakeTmp']
  ignore line: [Building CXX object CMakeFiles/cmTC_2a024.dir/CMakeCXXCompilerABI.cpp.o]
  ignore line: [/usr/bin/c++   -march=armv8-a+crc -mtune=cortex-a72 -funsafe-math-optimizations -march=armv8-a+crc -mtune=cortex-a72 -funsafe-math-optimizations    -v -o CMakeFiles/cmTC_2a024.dir/CMakeCXXCompilerABI.cpp.o -c /usr/share/cmake-3.18/Modules/CMakeCXXCompilerABI.cpp]
  ignore line: [Debian clang version 11.0.1-2]
  ignore line: [Target: aarch64-unknown-linux-gnu]
  ignore line: [Thread model: posix]
  ignore line: [InstalledDir: /usr/bin]
  ignore line: [Found candidate GCC installation: /usr/bin/../lib/gcc/aarch64-linux-gnu/10]
  ignore line: [Found candidate GCC installation: /usr/bin/../lib/gcc/aarch64-linux-gnu/8]
  ignore line: [Found candidate GCC installation: /usr/lib/gcc/aarch64-linux-gnu/10]
  ignore line: [Found candidate GCC installation: /usr/lib/gcc/aarch64-linux-gnu/8]
  ignore line: [Selected GCC installation: /usr/bin/../lib/gcc/aarch64-linux-gnu/10]
  ignore line: [Candidate multilib: .]
  ignore line: [@m64]
  ignore line: [Selected multilib: .]
  ignore line: [@m64]
  ignore line: [ (in-process)]
  ignore line: [ "/usr/lib/llvm-11/bin/clang" -cc1 -triple aarch64-unknown-linux-gnu -emit-obj -mrelax-all -disable-free -disable-llvm-verifier -discard-value-names -main-file-name CMakeCXXCompilerABI.cpp -mrelocation-model static -mframe-pointer=non-leaf -fmath-errno -fno-signed-zeros -mreassociate -freciprocal-math -fno-rounding-math -mconstructor-aliases -target-cpu generic -target-feature +neon -target-feature +crc -target-abi aapcs -fallow-half-arguments-and-returns -fno-split-dwarf-inlining -debugger-tuning=gdb -v -resource-dir /usr/lib/llvm-11/lib/clang/11.0.1 -internal-isystem /usr/bin/../lib/gcc/aarch64-linux-gnu/10/../../../../include/c++/10 -internal-isystem /usr/bin/../lib/gcc/aarch64-linux-gnu/10/../../../../include/aarch64-linux-gnu/c++/10 -internal-isystem /usr/bin/../lib/gcc/aarch64-linux-gnu/10/../../../../include/aarch64-linux-gnu/c++/10 -internal-isystem /usr/bin/../lib/gcc/aarch64-linux-gnu/10/../../../../include/c++/10/backward -internal-isystem /usr/local/include -internal-isystem /usr/lib/llvm-11/lib/clang/11.0.1/include -internal-externc-isystem /usr/include/aarch64-linux-gnu -internal-externc-isystem /include -internal-externc-isystem /usr/include -fdeprecated-macro -fdebug-compilation-dir /home/pi/ppsspp/build/CMakeFiles/CMakeTmp -ferror-limit 19 -fno-signed-char -fgnuc-version=4.2.1 -fcxx-exceptions -fexceptions -faddrsig -o CMakeFiles/cmTC_2a024.dir/CMakeCXXCompilerABI.cpp.o -x c++ /usr/share/cmake-3.18/Modules/CMakeCXXCompilerABI.cpp]
  ignore line: [clang -cc1 version 11.0.1 based upon LLVM 11.0.1 default target aarch64-unknown-linux-gnu]
  ignore line: [ignoring nonexistent directory "/include"]
  ignore line: [ignoring duplicate directory "/usr/bin/../lib/gcc/aarch64-linux-gnu/10/../../../../include/aarch64-linux-gnu/c++/10"]
  ignore line: [#include "..." search starts here:]
  ignore line: [#include <...> search starts here:]
  ignore line: [ /usr/bin/../lib/gcc/aarch64-linux-gnu/10/../../../../include/c++/10]
  ignore line: [ /usr/bin/../lib/gcc/aarch64-linux-gnu/10/../../../../include/aarch64-linux-gnu/c++/10]
  ignore line: [ /usr/bin/../lib/gcc/aarch64-linux-gnu/10/../../../../include/c++/10/backward]
  ignore line: [ /usr/local/include]
  ignore line: [ /usr/lib/llvm-11/lib/clang/11.0.1/include]
  ignore line: [ /usr/include/aarch64-linux-gnu]
  ignore line: [ /usr/include]
  ignore line: [End of search list.]
  ignore line: [Linking CXX executable cmTC_2a024]
  ignore line: [/usr/bin/cmake -E cmake_link_script CMakeFiles/cmTC_2a024.dir/link.txt --verbose=1]
  ignore line: [/usr/bin/c++  -march=armv8-a+crc -mtune=cortex-a72 -funsafe-math-optimizations -march=armv8-a+crc -mtune=cortex-a72 -funsafe-math-optimizations  -L/opt/vc/lib -v CMakeFiles/cmTC_2a024.dir/CMakeCXXCompilerABI.cpp.o -o cmTC_2a024 ]
  ignore line: [Debian clang version 11.0.1-2]
  ignore line: [Target: aarch64-unknown-linux-gnu]
  ignore line: [Thread model: posix]
  ignore line: [InstalledDir: /usr/bin]
  ignore line: [Found candidate GCC installation: /usr/bin/../lib/gcc/aarch64-linux-gnu/10]
  ignore line: [Found candidate GCC installation: /usr/bin/../lib/gcc/aarch64-linux-gnu/8]
  ignore line: [Found candidate GCC installation: /usr/lib/gcc/aarch64-linux-gnu/10]
  ignore line: [Found candidate GCC installation: /usr/lib/gcc/aarch64-linux-gnu/8]
  ignore line: [Selected GCC installation: /usr/bin/../lib/gcc/aarch64-linux-gnu/10]
  ignore line: [Candidate multilib: .]
  ignore line: [@m64]
  ignore line: [Selected multilib: .]
  ignore line: [@m64]
  link line: [ "/usr/bin/ld" -EL --hash-style=both --build-id --eh-frame-hdr -m aarch64linux -dynamic-linker /lib/ld-linux-aarch64.so.1 -o cmTC_2a024 /usr/bin/../lib/gcc/aarch64-linux-gnu/10/../../../aarch64-linux-gnu/crt1.o /usr/bin/../lib/gcc/aarch64-linux-gnu/10/../../../aarch64-linux-gnu/crti.o /usr/bin/../lib/gcc/aarch64-linux-gnu/10/crtbegin.o /usr/bin/../lib/gcc/aarch64-linux-gnu/10/crtfastmath.o -L/opt/vc/lib -L/usr/bin/../lib/gcc/aarch64-linux-gnu/10 -L/usr/bin/../lib/gcc/aarch64-linux-gnu/10/../../../aarch64-linux-gnu -L/lib/aarch64-linux-gnu -L/usr/lib/aarch64-linux-gnu -L/usr/bin/../lib/gcc/aarch64-linux-gnu/10/../../.. -L/usr/lib/llvm-11/bin/../lib -L/lib -L/usr/lib CMakeFiles/cmTC_2a024.dir/CMakeCXXCompilerABI.cpp.o -lstdc++ -lm -lgcc_s -lgcc -lc -lgcc_s -lgcc /usr/bin/../lib/gcc/aarch64-linux-gnu/10/crtend.o /usr/bin/../lib/gcc/aarch64-linux-gnu/10/../../../aarch64-linux-gnu/crtn.o]
    arg [/usr/bin/ld] ==> ignore
    arg [-EL] ==> ignore
    arg [--hash-style=both] ==> ignore
    arg [--build-id] ==> ignore
    arg [--eh-frame-hdr] ==> ignore
    arg [-m] ==> ignore
    arg [aarch64linux] ==> ignore
    arg [-dynamic-linker] ==> ignore
    arg [/lib/ld-linux-aarch64.so.1] ==> ignore
    arg [-o] ==> ignore
    arg [cmTC_2a024] ==> ignore
    arg [/usr/bin/../lib/gcc/aarch64-linux-gnu/10/../../../aarch64-linux-gnu/crt1.o] ==> ignore
    arg [/usr/bin/../lib/gcc/aarch64-linux-gnu/10/../../../aarch64-linux-gnu/crti.o] ==> ignore
    arg [/usr/bin/../lib/gcc/aarch64-linux-gnu/10/crtbegin.o] ==> ignore
    arg [/usr/bin/../lib/gcc/aarch64-linux-gnu/10/crtfastmath.o] ==> ignore
    arg [-L/opt/vc/lib] ==> dir [/opt/vc/lib]
    arg [-L/usr/bin/../lib/gcc/aarch64-linux-gnu/10] ==> dir [/usr/bin/../lib/gcc/aarch64-linux-gnu/10]
    arg [-L/usr/bin/../lib/gcc/aarch64-linux-gnu/10/../../../aarch64-linux-gnu] ==> dir [/usr/bin/../lib/gcc/aarch64-linux-gnu/10/../../../aarch64-linux-gnu]
    arg [-L/lib/aarch64-linux-gnu] ==> dir [/lib/aarch64-linux-gnu]
    arg [-L/usr/lib/aarch64-linux-gnu] ==> dir [/usr/lib/aarch64-linux-gnu]
    arg [-L/usr/bin/../lib/gcc/aarch64-linux-gnu/10/../../..] ==> dir [/usr/bin/../lib/gcc/aarch64-linux-gnu/10/../../..]
    arg [-L/usr/lib/llvm-11/bin/../lib] ==> dir [/usr/lib/llvm-11/bin/../lib]
    arg [-L/lib] ==> dir [/lib]
    arg [-L/usr/lib] ==> dir [/usr/lib]
    arg [CMakeFiles/cmTC_2a024.dir/CMakeCXXCompilerABI.cpp.o] ==> ignore
    arg [-lstdc++] ==> lib [stdc++]
    arg [-lm] ==> lib [m]
    arg [-lgcc_s] ==> lib [gcc_s]
    arg [-lgcc] ==> lib [gcc]
    arg [-lc] ==> lib [c]
    arg [-lgcc_s] ==> lib [gcc_s]
    arg [-lgcc] ==> lib [gcc]
    arg [/usr/bin/../lib/gcc/aarch64-linux-gnu/10/crtend.o] ==> ignore
    arg [/usr/bin/../lib/gcc/aarch64-linux-gnu/10/../../../aarch64-linux-gnu/crtn.o] ==> ignore
  collapse library dir [/opt/vc/lib] ==> [/opt/vc/lib]
  collapse library dir [/usr/bin/../lib/gcc/aarch64-linux-gnu/10] ==> [/usr/lib/gcc/aarch64-linux-gnu/10]
  collapse library dir [/usr/bin/../lib/gcc/aarch64-linux-gnu/10/../../../aarch64-linux-gnu] ==> [/usr/lib/aarch64-linux-gnu]
  collapse library dir [/lib/aarch64-linux-gnu] ==> [/lib/aarch64-linux-gnu]
  collapse library dir [/usr/lib/aarch64-linux-gnu] ==> [/usr/lib/aarch64-linux-gnu]
  collapse library dir [/usr/bin/../lib/gcc/aarch64-linux-gnu/10/../../..] ==> [/usr/lib]
  collapse library dir [/usr/lib/llvm-11/bin/../lib] ==> [/usr/lib/llvm-11/lib]
  collapse library dir [/lib] ==> [/lib]
  collapse library dir [/usr/lib] ==> [/usr/lib]
  implicit libs: [stdc++;m;gcc_s;gcc;c;gcc_s;gcc]
  implicit dirs: [/opt/vc/lib;/usr/lib/gcc/aarch64-linux-gnu/10;/usr/lib/aarch64-linux-gnu;/lib/aarch64-linux-gnu;/usr/lib;/usr/lib/llvm-11/lib;/lib]
  implicit fwks: []


Checking whether the ASM compiler is Clang using "--version" matched "(clang version)":
Debian clang version 11.0.1-2
Target: aarch64-unknown-linux-gnu
Thread model: posix
InstalledDir: /usr/bin
Determining if the include file pthread.h exists passed with the following output:
Change Dir: /home/pi/ppsspp/build/CMakeFiles/CMakeTmp

Run Build Command(s):/usr/bin/gmake cmTC_743da/fast && /usr/bin/gmake  -f CMakeFiles/cmTC_743da.dir/build.make CMakeFiles/cmTC_743da.dir/build
gmake[1]: Entering directory '/home/pi/ppsspp/build/CMakeFiles/CMakeTmp'
Building C object CMakeFiles/cmTC_743da.dir/CheckIncludeFile.c.o
/usr/bin/cc  -isystem /opt/vc/include -isystem /opt/vc/include/interface/vcos/pthreads -isystem /opt/vc/include/interface/vmcx_host/linux -march=armv8-a+crc -mtune=cortex-a72 -funsafe-math-optimizations -march=armv8-a+crc -mtune=cortex-a72 -funsafe-math-optimizations  -o CMakeFiles/cmTC_743da.dir/CheckIncludeFile.c.o -c /home/pi/ppsspp/build/CMakeFiles/CMakeTmp/CheckIncludeFile.c
Linking C executable cmTC_743da
/usr/bin/cmake -E cmake_link_script CMakeFiles/cmTC_743da.dir/link.txt --verbose=1
/usr/bin/cc  -march=armv8-a+crc -mtune=cortex-a72 -funsafe-math-optimizations -march=armv8-a+crc -mtune=cortex-a72 -funsafe-math-optimizations  -L/opt/vc/lib  CMakeFiles/cmTC_743da.dir/CheckIncludeFile.c.o -o cmTC_743da 
gmake[1]: Leaving directory '/home/pi/ppsspp/build/CMakeFiles/CMakeTmp'



Determining if the function pthread_create exists in the pthread passed with the following output:
Change Dir: /home/pi/ppsspp/build/CMakeFiles/CMakeTmp

Run Build Command(s):/usr/bin/gmake cmTC_0a74e/fast && /usr/bin/gmake  -f CMakeFiles/cmTC_0a74e.dir/build.make CMakeFiles/cmTC_0a74e.dir/build
gmake[1]: Entering directory '/home/pi/ppsspp/build/CMakeFiles/CMakeTmp'
Building C object CMakeFiles/cmTC_0a74e.dir/CheckFunctionExists.c.o
/usr/bin/cc  -isystem /opt/vc/include -isystem /opt/vc/include/interface/vcos/pthreads -isystem /opt/vc/include/interface/vmcx_host/linux -march=armv8-a+crc -mtune=cortex-a72 -funsafe-math-optimizations -march=armv8-a+crc -mtune=cortex-a72 -funsafe-math-optimizations -DCHECK_FUNCTION_EXISTS=pthread_create -o CMakeFiles/cmTC_0a74e.dir/CheckFunctionExists.c.o -c /usr/share/cmake-3.18/Modules/CheckFunctionExists.c
Linking C executable cmTC_0a74e
/usr/bin/cmake -E cmake_link_script CMakeFiles/cmTC_0a74e.dir/link.txt --verbose=1
/usr/bin/cc  -march=armv8-a+crc -mtune=cortex-a72 -funsafe-math-optimizations -march=armv8-a+crc -mtune=cortex-a72 -funsafe-math-optimizations -DCHECK_FUNCTION_EXISTS=pthread_create -L/opt/vc/lib  CMakeFiles/cmTC_0a74e.dir/CheckFunctionExists.c.o -o cmTC_0a74e  -lpthread 
gmake[1]: Leaving directory '/home/pi/ppsspp/build/CMakeFiles/CMakeTmp'



Performing C++ SOURCE FILE Test CXX_FLAG_STD_CPLUSPLUS11 succeeded with the following output:
Change Dir: /home/pi/ppsspp/build/CMakeFiles/CMakeTmp

Run Build Command(s):/usr/bin/gmake cmTC_18649/fast && /usr/bin/gmake  -f CMakeFiles/cmTC_18649.dir/build.make CMakeFiles/cmTC_18649.dir/build
gmake[1]: Entering directory '/home/pi/ppsspp/build/CMakeFiles/CMakeTmp'
Building CXX object CMakeFiles/cmTC_18649.dir/src.cxx.o
/usr/bin/c++  -isystem /opt/vc/include -isystem /opt/vc/include/interface/vcos/pthreads -isystem /opt/vc/include/interface/vmcx_host/linux -march=armv8-a+crc -mtune=cortex-a72 -funsafe-math-optimizations -march=armv8-a+crc -mtune=cortex-a72 -funsafe-math-optimizations -Wno-switch -Wno-uninitialized -DCXX_FLAG_STD_CPLUSPLUS11   -std=c++11 -std=gnu++11 -o CMakeFiles/cmTC_18649.dir/src.cxx.o -c /home/pi/ppsspp/build/CMakeFiles/CMakeTmp/src.cxx
Linking CXX executable cmTC_18649
/usr/bin/cmake -E cmake_link_script CMakeFiles/cmTC_18649.dir/link.txt --verbose=1
/usr/bin/c++  -march=armv8-a+crc -mtune=cortex-a72 -funsafe-math-optimizations -march=armv8-a+crc -mtune=cortex-a72 -funsafe-math-optimizations -Wno-switch -Wno-uninitialized -DCXX_FLAG_STD_CPLUSPLUS11 -L/opt/vc/lib  CMakeFiles/cmTC_18649.dir/src.cxx.o -o cmTC_18649 
gmake[1]: Leaving directory '/home/pi/ppsspp/build/CMakeFiles/CMakeTmp'


Source file was:
int main() { return 0; }
Performing C SOURCE FILE Test C_FLAG_STD_C99 succeeded with the following output:
Change Dir: /home/pi/ppsspp/build/CMakeFiles/CMakeTmp

Run Build Command(s):/usr/bin/gmake cmTC_3b340/fast && /usr/bin/gmake  -f CMakeFiles/cmTC_3b340.dir/build.make CMakeFiles/cmTC_3b340.dir/build
gmake[1]: Entering directory '/home/pi/ppsspp/build/CMakeFiles/CMakeTmp'
Building C object CMakeFiles/cmTC_3b340.dir/src.c.o
/usr/bin/cc  -isystem /opt/vc/include -isystem /opt/vc/include/interface/vcos/pthreads -isystem /opt/vc/include/interface/vmcx_host/linux -march=armv8-a+crc -mtune=cortex-a72 -funsafe-math-optimizations -march=armv8-a+crc -mtune=cortex-a72 -funsafe-math-optimizations -DC_FLAG_STD_C99   -std=c99 -o CMakeFiles/cmTC_3b340.dir/src.c.o -c /home/pi/ppsspp/build/CMakeFiles/CMakeTmp/src.c
Linking C executable cmTC_3b340
/usr/bin/cmake -E cmake_link_script CMakeFiles/cmTC_3b340.dir/link.txt --verbose=1
/usr/bin/cc  -march=armv8-a+crc -mtune=cortex-a72 -funsafe-math-optimizations -march=armv8-a+crc -mtune=cortex-a72 -funsafe-math-optimizations -DC_FLAG_STD_C99 -L/opt/vc/lib  CMakeFiles/cmTC_3b340.dir/src.c.o -o cmTC_3b340 
gmake[1]: Leaving directory '/home/pi/ppsspp/build/CMakeFiles/CMakeTmp'


Source file was:
int main(void) { return 0; }
Performing C SOURCE FILE Test C_FLAG_WALL succeeded with the following output:
Change Dir: /home/pi/ppsspp/build/CMakeFiles/CMakeTmp

Run Build Command(s):/usr/bin/gmake cmTC_d9dbe/fast && /usr/bin/gmake  -f CMakeFiles/cmTC_d9dbe.dir/build.make CMakeFiles/cmTC_d9dbe.dir/build
gmake[1]: Entering directory '/home/pi/ppsspp/build/CMakeFiles/CMakeTmp'
Building C object CMakeFiles/cmTC_d9dbe.dir/src.c.o
/usr/bin/cc  -isystem /opt/vc/include -isystem /opt/vc/include/interface/vcos/pthreads -isystem /opt/vc/include/interface/vmcx_host/linux -march=armv8-a+crc -mtune=cortex-a72 -funsafe-math-optimizations -march=armv8-a+crc -mtune=cortex-a72 -funsafe-math-optimizations -std=c99 -DC_FLAG_WALL   -Wall -o CMakeFiles/cmTC_d9dbe.dir/src.c.o -c /home/pi/ppsspp/build/CMakeFiles/CMakeTmp/src.c
Linking C executable cmTC_d9dbe
/usr/bin/cmake -E cmake_link_script CMakeFiles/cmTC_d9dbe.dir/link.txt --verbose=1
/usr/bin/cc  -march=armv8-a+crc -mtune=cortex-a72 -funsafe-math-optimizations -march=armv8-a+crc -mtune=cortex-a72 -funsafe-math-optimizations -std=c99 -DC_FLAG_WALL -L/opt/vc/lib  CMakeFiles/cmTC_d9dbe.dir/src.c.o -o cmTC_d9dbe 
gmake[1]: Leaving directory '/home/pi/ppsspp/build/CMakeFiles/CMakeTmp'


Source file was:
int main(void) { return 0; }
Performing C++ SOURCE FILE Test CXX_FLAG_WALL succeeded with the following output:
Change Dir: /home/pi/ppsspp/build/CMakeFiles/CMakeTmp

Run Build Command(s):/usr/bin/gmake cmTC_f76e7/fast && /usr/bin/gmake  -f CMakeFiles/cmTC_f76e7.dir/build.make CMakeFiles/cmTC_f76e7.dir/build
gmake[1]: Entering directory '/home/pi/ppsspp/build/CMakeFiles/CMakeTmp'
Building CXX object CMakeFiles/cmTC_f76e7.dir/src.cxx.o
/usr/bin/c++  -isystem /opt/vc/include -isystem /opt/vc/include/interface/vcos/pthreads -isystem /opt/vc/include/interface/vmcx_host/linux -march=armv8-a+crc -mtune=cortex-a72 -funsafe-math-optimizations -march=armv8-a+crc -mtune=cortex-a72 -funsafe-math-optimizations -Wno-switch -Wno-uninitialized -std=c++11 -DCXX_FLAG_WALL   -Wall -std=gnu++11 -o CMakeFiles/cmTC_f76e7.dir/src.cxx.o -c /home/pi/ppsspp/build/CMakeFiles/CMakeTmp/src.cxx
Linking CXX executable cmTC_f76e7
/usr/bin/cmake -E cmake_link_script CMakeFiles/cmTC_f76e7.dir/link.txt --verbose=1
/usr/bin/c++  -march=armv8-a+crc -mtune=cortex-a72 -funsafe-math-optimizations -march=armv8-a+crc -mtune=cortex-a72 -funsafe-math-optimizations -Wno-switch -Wno-uninitialized -std=c++11 -DCXX_FLAG_WALL -L/opt/vc/lib  CMakeFiles/cmTC_f76e7.dir/src.cxx.o -o cmTC_f76e7 
gmake[1]: Leaving directory '/home/pi/ppsspp/build/CMakeFiles/CMakeTmp'


Source file was:
int main() { return 0; }
Performing C SOURCE FILE Test C_FLAG_WEXTRA succeeded with the following output:
Change Dir: /home/pi/ppsspp/build/CMakeFiles/CMakeTmp

Run Build Command(s):/usr/bin/gmake cmTC_8e4c7/fast && /usr/bin/gmake  -f CMakeFiles/cmTC_8e4c7.dir/build.make CMakeFiles/cmTC_8e4c7.dir/build
gmake[1]: Entering directory '/home/pi/ppsspp/build/CMakeFiles/CMakeTmp'
Building C object CMakeFiles/cmTC_8e4c7.dir/src.c.o
/usr/bin/cc  -isystem /opt/vc/include -isystem /opt/vc/include/interface/vcos/pthreads -isystem /opt/vc/include/interface/vmcx_host/linux -march=armv8-a+crc -mtune=cortex-a72 -funsafe-math-optimizations -march=armv8-a+crc -mtune=cortex-a72 -funsafe-math-optimizations -std=c99 -Wall -DC_FLAG_WEXTRA   -Wextra -o CMakeFiles/cmTC_8e4c7.dir/src.c.o -c /home/pi/ppsspp/build/CMakeFiles/CMakeTmp/src.c
Linking C executable cmTC_8e4c7
/usr/bin/cmake -E cmake_link_script CMakeFiles/cmTC_8e4c7.dir/link.txt --verbose=1
/usr/bin/cc  -march=armv8-a+crc -mtune=cortex-a72 -funsafe-math-optimizations -march=armv8-a+crc -mtune=cortex-a72 -funsafe-math-optimizations -std=c99 -Wall -DC_FLAG_WEXTRA -L/opt/vc/lib  CMakeFiles/cmTC_8e4c7.dir/src.c.o -o cmTC_8e4c7 
gmake[1]: Leaving directory '/home/pi/ppsspp/build/CMakeFiles/CMakeTmp'


Source file was:
int main(void) { return 0; }
Performing C++ SOURCE FILE Test CXX_FLAG_WEXTRA succeeded with the following output:
Change Dir: /home/pi/ppsspp/build/CMakeFiles/CMakeTmp

Run Build Command(s):/usr/bin/gmake cmTC_52f01/fast && /usr/bin/gmake  -f CMakeFiles/cmTC_52f01.dir/build.make CMakeFiles/cmTC_52f01.dir/build
gmake[1]: Entering directory '/home/pi/ppsspp/build/CMakeFiles/CMakeTmp'
Building CXX object CMakeFiles/cmTC_52f01.dir/src.cxx.o
/usr/bin/c++  -isystem /opt/vc/include -isystem /opt/vc/include/interface/vcos/pthreads -isystem /opt/vc/include/interface/vmcx_host/linux -march=armv8-a+crc -mtune=cortex-a72 -funsafe-math-optimizations -march=armv8-a+crc -mtune=cortex-a72 -funsafe-math-optimizations -Wno-switch -Wno-uninitialized -std=c++11 -Wall -DCXX_FLAG_WEXTRA   -Wextra -std=gnu++11 -o CMakeFiles/cmTC_52f01.dir/src.cxx.o -c /home/pi/ppsspp/build/CMakeFiles/CMakeTmp/src.cxx
Linking CXX executable cmTC_52f01
/usr/bin/cmake -E cmake_link_script CMakeFiles/cmTC_52f01.dir/link.txt --verbose=1
/usr/bin/c++  -march=armv8-a+crc -mtune=cortex-a72 -funsafe-math-optimizations -march=armv8-a+crc -mtune=cortex-a72 -funsafe-math-optimizations -Wno-switch -Wno-uninitialized -std=c++11 -Wall -DCXX_FLAG_WEXTRA -L/opt/vc/lib  CMakeFiles/cmTC_52f01.dir/src.cxx.o -o cmTC_52f01 
gmake[1]: Leaving directory '/home/pi/ppsspp/build/CMakeFiles/CMakeTmp'


Source file was:
int main() { return 0; }
Performing C SOURCE FILE Test C_FLAG_WUNDEF succeeded with the following output:
Change Dir: /home/pi/ppsspp/build/CMakeFiles/CMakeTmp

Run Build Command(s):/usr/bin/gmake cmTC_77730/fast && /usr/bin/gmake  -f CMakeFiles/cmTC_77730.dir/build.make CMakeFiles/cmTC_77730.dir/build
gmake[1]: Entering directory '/home/pi/ppsspp/build/CMakeFiles/CMakeTmp'
Building C object CMakeFiles/cmTC_77730.dir/src.c.o
/usr/bin/cc  -isystem /opt/vc/include -isystem /opt/vc/include/interface/vcos/pthreads -isystem /opt/vc/include/interface/vmcx_host/linux -march=armv8-a+crc -mtune=cortex-a72 -funsafe-math-optimizations -march=armv8-a+crc -mtune=cortex-a72 -funsafe-math-optimizations -std=c99 -Wall -Wextra -DC_FLAG_WUNDEF   -Wundef -o CMakeFiles/cmTC_77730.dir/src.c.o -c /home/pi/ppsspp/build/CMakeFiles/CMakeTmp/src.c
Linking C executable cmTC_77730
/usr/bin/cmake -E cmake_link_script CMakeFiles/cmTC_77730.dir/link.txt --verbose=1
/usr/bin/cc  -march=armv8-a+crc -mtune=cortex-a72 -funsafe-math-optimizations -march=armv8-a+crc -mtune=cortex-a72 -funsafe-math-optimizations -std=c99 -Wall -Wextra -DC_FLAG_WUNDEF -L/opt/vc/lib  CMakeFiles/cmTC_77730.dir/src.c.o -o cmTC_77730 
gmake[1]: Leaving directory '/home/pi/ppsspp/build/CMakeFiles/CMakeTmp'


Source file was:
int main(void) { return 0; }
Performing C++ SOURCE FILE Test CXX_FLAG_WUNDEF succeeded with the following output:
Change Dir: /home/pi/ppsspp/build/CMakeFiles/CMakeTmp

Run Build Command(s):/usr/bin/gmake cmTC_743b9/fast && /usr/bin/gmake  -f CMakeFiles/cmTC_743b9.dir/build.make CMakeFiles/cmTC_743b9.dir/build
gmake[1]: Entering directory '/home/pi/ppsspp/build/CMakeFiles/CMakeTmp'
Building CXX object CMakeFiles/cmTC_743b9.dir/src.cxx.o
/usr/bin/c++  -isystem /opt/vc/include -isystem /opt/vc/include/interface/vcos/pthreads -isystem /opt/vc/include/interface/vmcx_host/linux -march=armv8-a+crc -mtune=cortex-a72 -funsafe-math-optimizations -march=armv8-a+crc -mtune=cortex-a72 -funsafe-math-optimizations -Wno-switch -Wno-uninitialized -std=c++11 -Wall -Wextra -DCXX_FLAG_WUNDEF   -Wundef -std=gnu++11 -o CMakeFiles/cmTC_743b9.dir/src.cxx.o -c /home/pi/ppsspp/build/CMakeFiles/CMakeTmp/src.cxx
Linking CXX executable cmTC_743b9
/usr/bin/cmake -E cmake_link_script CMakeFiles/cmTC_743b9.dir/link.txt --verbose=1
/usr/bin/c++  -march=armv8-a+crc -mtune=cortex-a72 -funsafe-math-optimizations -march=armv8-a+crc -mtune=cortex-a72 -funsafe-math-optimizations -Wno-switch -Wno-uninitialized -std=c++11 -Wall -Wextra -DCXX_FLAG_WUNDEF -L/opt/vc/lib  CMakeFiles/cmTC_743b9.dir/src.cxx.o -o cmTC_743b9 
gmake[1]: Leaving directory '/home/pi/ppsspp/build/CMakeFiles/CMakeTmp'


Source file was:
int main() { return 0; }
Performing C SOURCE FILE Test C_FLAG_WSHADOW succeeded with the following output:
Change Dir: /home/pi/ppsspp/build/CMakeFiles/CMakeTmp

Run Build Command(s):/usr/bin/gmake cmTC_a15ea/fast && /usr/bin/gmake  -f CMakeFiles/cmTC_a15ea.dir/build.make CMakeFiles/cmTC_a15ea.dir/build
gmake[1]: Entering directory '/home/pi/ppsspp/build/CMakeFiles/CMakeTmp'
Building C object CMakeFiles/cmTC_a15ea.dir/src.c.o
/usr/bin/cc  -isystem /opt/vc/include -isystem /opt/vc/include/interface/vcos/pthreads -isystem /opt/vc/include/interface/vmcx_host/linux -march=armv8-a+crc -mtune=cortex-a72 -funsafe-math-optimizations -march=armv8-a+crc -mtune=cortex-a72 -funsafe-math-optimizations -std=c99 -Wall -Wextra -Wundef -DC_FLAG_WSHADOW   -Wshadow -o CMakeFiles/cmTC_a15ea.dir/src.c.o -c /home/pi/ppsspp/build/CMakeFiles/CMakeTmp/src.c
Linking C executable cmTC_a15ea
/usr/bin/cmake -E cmake_link_script CMakeFiles/cmTC_a15ea.dir/link.txt --verbose=1
/usr/bin/cc  -march=armv8-a+crc -mtune=cortex-a72 -funsafe-math-optimizations -march=armv8-a+crc -mtune=cortex-a72 -funsafe-math-optimizations -std=c99 -Wall -Wextra -Wundef -DC_FLAG_WSHADOW -L/opt/vc/lib  CMakeFiles/cmTC_a15ea.dir/src.c.o -o cmTC_a15ea 
gmake[1]: Leaving directory '/home/pi/ppsspp/build/CMakeFiles/CMakeTmp'


Source file was:
int main(void) { return 0; }
Performing C++ SOURCE FILE Test CXX_FLAG_WSHADOW succeeded with the following output:
Change Dir: /home/pi/ppsspp/build/CMakeFiles/CMakeTmp

Run Build Command(s):/usr/bin/gmake cmTC_4ab21/fast && /usr/bin/gmake  -f CMakeFiles/cmTC_4ab21.dir/build.make CMakeFiles/cmTC_4ab21.dir/build
gmake[1]: Entering directory '/home/pi/ppsspp/build/CMakeFiles/CMakeTmp'
Building CXX object CMakeFiles/cmTC_4ab21.dir/src.cxx.o
/usr/bin/c++  -isystem /opt/vc/include -isystem /opt/vc/include/interface/vcos/pthreads -isystem /opt/vc/include/interface/vmcx_host/linux -march=armv8-a+crc -mtune=cortex-a72 -funsafe-math-optimizations -march=armv8-a+crc -mtune=cortex-a72 -funsafe-math-optimizations -Wno-switch -Wno-uninitialized -std=c++11 -Wall -Wextra -Wundef -DCXX_FLAG_WSHADOW   -Wshadow -std=gnu++11 -o CMakeFiles/cmTC_4ab21.dir/src.cxx.o -c /home/pi/ppsspp/build/CMakeFiles/CMakeTmp/src.cxx
Linking CXX executable cmTC_4ab21
/usr/bin/cmake -E cmake_link_script CMakeFiles/cmTC_4ab21.dir/link.txt --verbose=1
/usr/bin/c++  -march=armv8-a+crc -mtune=cortex-a72 -funsafe-math-optimizations -march=armv8-a+crc -mtune=cortex-a72 -funsafe-math-optimizations -Wno-switch -Wno-uninitialized -std=c++11 -Wall -Wextra -Wundef -DCXX_FLAG_WSHADOW -L/opt/vc/lib  CMakeFiles/cmTC_4ab21.dir/src.cxx.o -o cmTC_4ab21 
gmake[1]: Leaving directory '/home/pi/ppsspp/build/CMakeFiles/CMakeTmp'


Source file was:
int main() { return 0; }
Performing C SOURCE FILE Test C_FLAG_WCAST_ALIGN succeeded with the following output:
Change Dir: /home/pi/ppsspp/build/CMakeFiles/CMakeTmp

Run Build Command(s):/usr/bin/gmake cmTC_74b56/fast && /usr/bin/gmake  -f CMakeFiles/cmTC_74b56.dir/build.make CMakeFiles/cmTC_74b56.dir/build
gmake[1]: Entering directory '/home/pi/ppsspp/build/CMakeFiles/CMakeTmp'
Building C object CMakeFiles/cmTC_74b56.dir/src.c.o
/usr/bin/cc  -isystem /opt/vc/include -isystem /opt/vc/include/interface/vcos/pthreads -isystem /opt/vc/include/interface/vmcx_host/linux -march=armv8-a+crc -mtune=cortex-a72 -funsafe-math-optimizations -march=armv8-a+crc -mtune=cortex-a72 -funsafe-math-optimizations -std=c99 -Wall -Wextra -Wundef -Wshadow -DC_FLAG_WCAST_ALIGN   -Wcast-align -o CMakeFiles/cmTC_74b56.dir/src.c.o -c /home/pi/ppsspp/build/CMakeFiles/CMakeTmp/src.c
Linking C executable cmTC_74b56
/usr/bin/cmake -E cmake_link_script CMakeFiles/cmTC_74b56.dir/link.txt --verbose=1
/usr/bin/cc  -march=armv8-a+crc -mtune=cortex-a72 -funsafe-math-optimizations -march=armv8-a+crc -mtune=cortex-a72 -funsafe-math-optimizations -std=c99 -Wall -Wextra -Wundef -Wshadow -DC_FLAG_WCAST_ALIGN -L/opt/vc/lib  CMakeFiles/cmTC_74b56.dir/src.c.o -o cmTC_74b56 
gmake[1]: Leaving directory '/home/pi/ppsspp/build/CMakeFiles/CMakeTmp'


Source file was:
int main(void) { return 0; }
Performing C++ SOURCE FILE Test CXX_FLAG_WCAST_ALIGN succeeded with the following output:
Change Dir: /home/pi/ppsspp/build/CMakeFiles/CMakeTmp

Run Build Command(s):/usr/bin/gmake cmTC_f1428/fast && /usr/bin/gmake  -f CMakeFiles/cmTC_f1428.dir/build.make CMakeFiles/cmTC_f1428.dir/build
gmake[1]: Entering directory '/home/pi/ppsspp/build/CMakeFiles/CMakeTmp'
Building CXX object CMakeFiles/cmTC_f1428.dir/src.cxx.o
/usr/bin/c++  -isystem /opt/vc/include -isystem /opt/vc/include/interface/vcos/pthreads -isystem /opt/vc/include/interface/vmcx_host/linux -march=armv8-a+crc -mtune=cortex-a72 -funsafe-math-optimizations -march=armv8-a+crc -mtune=cortex-a72 -funsafe-math-optimizations -Wno-switch -Wno-uninitialized -std=c++11 -Wall -Wextra -Wundef -Wshadow -DCXX_FLAG_WCAST_ALIGN   -Wcast-align -std=gnu++11 -o CMakeFiles/cmTC_f1428.dir/src.cxx.o -c /home/pi/ppsspp/build/CMakeFiles/CMakeTmp/src.cxx
Linking CXX executable cmTC_f1428
/usr/bin/cmake -E cmake_link_script CMakeFiles/cmTC_f1428.dir/link.txt --verbose=1
/usr/bin/c++  -march=armv8-a+crc -mtune=cortex-a72 -funsafe-math-optimizations -march=armv8-a+crc -mtune=cortex-a72 -funsafe-math-optimizations -Wno-switch -Wno-uninitialized -std=c++11 -Wall -Wextra -Wundef -Wshadow -DCXX_FLAG_WCAST_ALIGN -L/opt/vc/lib  CMakeFiles/cmTC_f1428.dir/src.cxx.o -o cmTC_f1428 
gmake[1]: Leaving directory '/home/pi/ppsspp/build/CMakeFiles/CMakeTmp'


Source file was:
int main() { return 0; }
Performing C SOURCE FILE Test C_FLAG_WCAST_QUAL succeeded with the following output:
Change Dir: /home/pi/ppsspp/build/CMakeFiles/CMakeTmp

Run Build Command(s):/usr/bin/gmake cmTC_93a3a/fast && /usr/bin/gmake  -f CMakeFiles/cmTC_93a3a.dir/build.make CMakeFiles/cmTC_93a3a.dir/build
gmake[1]: Entering directory '/home/pi/ppsspp/build/CMakeFiles/CMakeTmp'
Building C object CMakeFiles/cmTC_93a3a.dir/src.c.o
/usr/bin/cc  -isystem /opt/vc/include -isystem /opt/vc/include/interface/vcos/pthreads -isystem /opt/vc/include/interface/vmcx_host/linux -march=armv8-a+crc -mtune=cortex-a72 -funsafe-math-optimizations -march=armv8-a+crc -mtune=cortex-a72 -funsafe-math-optimizations -std=c99 -Wall -Wextra -Wundef -Wshadow -Wcast-align -DC_FLAG_WCAST_QUAL   -Wcast-qual -o CMakeFiles/cmTC_93a3a.dir/src.c.o -c /home/pi/ppsspp/build/CMakeFiles/CMakeTmp/src.c
Linking C executable cmTC_93a3a
/usr/bin/cmake -E cmake_link_script CMakeFiles/cmTC_93a3a.dir/link.txt --verbose=1
/usr/bin/cc  -march=armv8-a+crc -mtune=cortex-a72 -funsafe-math-optimizations -march=armv8-a+crc -mtune=cortex-a72 -funsafe-math-optimizations -std=c99 -Wall -Wextra -Wundef -Wshadow -Wcast-align -DC_FLAG_WCAST_QUAL -L/opt/vc/lib  CMakeFiles/cmTC_93a3a.dir/src.c.o -o cmTC_93a3a 
gmake[1]: Leaving directory '/home/pi/ppsspp/build/CMakeFiles/CMakeTmp'


Source file was:
int main(void) { return 0; }
Performing C++ SOURCE FILE Test CXX_FLAG_WCAST_QUAL succeeded with the following output:
Change Dir: /home/pi/ppsspp/build/CMakeFiles/CMakeTmp

Run Build Command(s):/usr/bin/gmake cmTC_bc18f/fast && /usr/bin/gmake  -f CMakeFiles/cmTC_bc18f.dir/build.make CMakeFiles/cmTC_bc18f.dir/build
gmake[1]: Entering directory '/home/pi/ppsspp/build/CMakeFiles/CMakeTmp'
Building CXX object CMakeFiles/cmTC_bc18f.dir/src.cxx.o
/usr/bin/c++  -isystem /opt/vc/include -isystem /opt/vc/include/interface/vcos/pthreads -isystem /opt/vc/include/interface/vmcx_host/linux -march=armv8-a+crc -mtune=cortex-a72 -funsafe-math-optimizations -march=armv8-a+crc -mtune=cortex-a72 -funsafe-math-optimizations -Wno-switch -Wno-uninitialized -std=c++11 -Wall -Wextra -Wundef -Wshadow -Wcast-align -DCXX_FLAG_WCAST_QUAL   -Wcast-qual -std=gnu++11 -o CMakeFiles/cmTC_bc18f.dir/src.cxx.o -c /home/pi/ppsspp/build/CMakeFiles/CMakeTmp/src.cxx
Linking CXX executable cmTC_bc18f
/usr/bin/cmake -E cmake_link_script CMakeFiles/cmTC_bc18f.dir/link.txt --verbose=1
/usr/bin/c++  -march=armv8-a+crc -mtune=cortex-a72 -funsafe-math-optimizations -march=armv8-a+crc -mtune=cortex-a72 -funsafe-math-optimizations -Wno-switch -Wno-uninitialized -std=c++11 -Wall -Wextra -Wundef -Wshadow -Wcast-align -DCXX_FLAG_WCAST_QUAL -L/opt/vc/lib  CMakeFiles/cmTC_bc18f.dir/src.cxx.o -o cmTC_bc18f 
gmake[1]: Leaving directory '/home/pi/ppsspp/build/CMakeFiles/CMakeTmp'


Source file was:
int main() { return 0; }
Performing C SOURCE FILE Test C_FLAG_WSTRICT_PROTOTYPES succeeded with the following output:
Change Dir: /home/pi/ppsspp/build/CMakeFiles/CMakeTmp

Run Build Command(s):/usr/bin/gmake cmTC_c3a01/fast && /usr/bin/gmake  -f CMakeFiles/cmTC_c3a01.dir/build.make CMakeFiles/cmTC_c3a01.dir/build
gmake[1]: Entering directory '/home/pi/ppsspp/build/CMakeFiles/CMakeTmp'
Building C object CMakeFiles/cmTC_c3a01.dir/src.c.o
/usr/bin/cc  -isystem /opt/vc/include -isystem /opt/vc/include/interface/vcos/pthreads -isystem /opt/vc/include/interface/vmcx_host/linux -march=armv8-a+crc -mtune=cortex-a72 -funsafe-math-optimizations -march=armv8-a+crc -mtune=cortex-a72 -funsafe-math-optimizations -std=c99 -Wall -Wextra -Wundef -Wshadow -Wcast-align -Wcast-qual -DC_FLAG_WSTRICT_PROTOTYPES   -Wstrict-prototypes -o CMakeFiles/cmTC_c3a01.dir/src.c.o -c /home/pi/ppsspp/build/CMakeFiles/CMakeTmp/src.c
Linking C executable cmTC_c3a01
/usr/bin/cmake -E cmake_link_script CMakeFiles/cmTC_c3a01.dir/link.txt --verbose=1
/usr/bin/cc  -march=armv8-a+crc -mtune=cortex-a72 -funsafe-math-optimizations -march=armv8-a+crc -mtune=cortex-a72 -funsafe-math-optimizations -std=c99 -Wall -Wextra -Wundef -Wshadow -Wcast-align -Wcast-qual -DC_FLAG_WSTRICT_PROTOTYPES -L/opt/vc/lib  CMakeFiles/cmTC_c3a01.dir/src.c.o -o cmTC_c3a01 
gmake[1]: Leaving directory '/home/pi/ppsspp/build/CMakeFiles/CMakeTmp'


Source file was:
int main(void) { return 0; }
Determining if the function XOpenDisplay exists in the /usr/lib/aarch64-linux-gnu/libX11.so;/usr/lib/aarch64-linux-gnu/libXext.so passed with the following output:
Change Dir: /home/pi/ppsspp/build/CMakeFiles/CMakeTmp

Run Build Command(s):/usr/bin/gmake cmTC_69e03/fast && /usr/bin/gmake  -f CMakeFiles/cmTC_69e03.dir/build.make CMakeFiles/cmTC_69e03.dir/build
gmake[1]: Entering directory '/home/pi/ppsspp/build/CMakeFiles/CMakeTmp'
Building C object CMakeFiles/cmTC_69e03.dir/CheckFunctionExists.c.o
/usr/bin/cc  -isystem /opt/vc/include -isystem /opt/vc/include/interface/vcos/pthreads -isystem /opt/vc/include/interface/vmcx_host/linux -march=armv8-a+crc -mtune=cortex-a72 -funsafe-math-optimizations -march=armv8-a+crc -mtune=cortex-a72 -funsafe-math-optimizations -DCHECK_FUNCTION_EXISTS=XOpenDisplay -o CMakeFiles/cmTC_69e03.dir/CheckFunctionExists.c.o -c /usr/share/cmake-3.18/Modules/CheckFunctionExists.c
Linking C executable cmTC_69e03
/usr/bin/cmake -E cmake_link_script CMakeFiles/cmTC_69e03.dir/link.txt --verbose=1
/usr/bin/cc  -march=armv8-a+crc -mtune=cortex-a72 -funsafe-math-optimizations -march=armv8-a+crc -mtune=cortex-a72 -funsafe-math-optimizations -DCHECK_FUNCTION_EXISTS=XOpenDisplay -L/opt/vc/lib  CMakeFiles/cmTC_69e03.dir/CheckFunctionExists.c.o -o cmTC_69e03  /usr/lib/aarch64-linux-gnu/libX11.so /usr/lib/aarch64-linux-gnu/libXext.so 
gmake[1]: Leaving directory '/home/pi/ppsspp/build/CMakeFiles/CMakeTmp'



Determining if the function gethostbyname exists passed with the following output:
Change Dir: /home/pi/ppsspp/build/CMakeFiles/CMakeTmp

Run Build Command(s):/usr/bin/gmake cmTC_db6b1/fast && /usr/bin/gmake  -f CMakeFiles/cmTC_db6b1.dir/build.make CMakeFiles/cmTC_db6b1.dir/build
gmake[1]: Entering directory '/home/pi/ppsspp/build/CMakeFiles/CMakeTmp'
Building C object CMakeFiles/cmTC_db6b1.dir/CheckFunctionExists.c.o
/usr/bin/cc  -isystem /opt/vc/include -isystem /opt/vc/include/interface/vcos/pthreads -isystem /opt/vc/include/interface/vmcx_host/linux -march=armv8-a+crc -mtune=cortex-a72 -funsafe-math-optimizations -march=armv8-a+crc -mtune=cortex-a72 -funsafe-math-optimizations -DCHECK_FUNCTION_EXISTS=gethostbyname -o CMakeFiles/cmTC_db6b1.dir/CheckFunctionExists.c.o -c /usr/share/cmake-3.18/Modules/CheckFunctionExists.c
Linking C executable cmTC_db6b1
/usr/bin/cmake -E cmake_link_script CMakeFiles/cmTC_db6b1.dir/link.txt --verbose=1
/usr/bin/cc  -march=armv8-a+crc -mtune=cortex-a72 -funsafe-math-optimizations -march=armv8-a+crc -mtune=cortex-a72 -funsafe-math-optimizations -DCHECK_FUNCTION_EXISTS=gethostbyname -L/opt/vc/lib  CMakeFiles/cmTC_db6b1.dir/CheckFunctionExists.c.o -o cmTC_db6b1 
gmake[1]: Leaving directory '/home/pi/ppsspp/build/CMakeFiles/CMakeTmp'



Determining if the function connect exists passed with the following output:
Change Dir: /home/pi/ppsspp/build/CMakeFiles/CMakeTmp

Run Build Command(s):/usr/bin/gmake cmTC_d73b2/fast && /usr/bin/gmake  -f CMakeFiles/cmTC_d73b2.dir/build.make CMakeFiles/cmTC_d73b2.dir/build
gmake[1]: Entering directory '/home/pi/ppsspp/build/CMakeFiles/CMakeTmp'
Building C object CMakeFiles/cmTC_d73b2.dir/CheckFunctionExists.c.o
/usr/bin/cc  -isystem /opt/vc/include -isystem /opt/vc/include/interface/vcos/pthreads -isystem /opt/vc/include/interface/vmcx_host/linux -march=armv8-a+crc -mtune=cortex-a72 -funsafe-math-optimizations -march=armv8-a+crc -mtune=cortex-a72 -funsafe-math-optimizations -DCHECK_FUNCTION_EXISTS=connect -o CMakeFiles/cmTC_d73b2.dir/CheckFunctionExists.c.o -c /usr/share/cmake-3.18/Modules/CheckFunctionExists.c
Linking C executable cmTC_d73b2
/usr/bin/cmake -E cmake_link_script CMakeFiles/cmTC_d73b2.dir/link.txt --verbose=1
/usr/bin/cc  -march=armv8-a+crc -mtune=cortex-a72 -funsafe-math-optimizations -march=armv8-a+crc -mtune=cortex-a72 -funsafe-math-optimizations -DCHECK_FUNCTION_EXISTS=connect -L/opt/vc/lib  CMakeFiles/cmTC_d73b2.dir/CheckFunctionExists.c.o -o cmTC_d73b2 
gmake[1]: Leaving directory '/home/pi/ppsspp/build/CMakeFiles/CMakeTmp'



Determining if the function remove exists passed with the following output:
Change Dir: /home/pi/ppsspp/build/CMakeFiles/CMakeTmp

Run Build Command(s):/usr/bin/gmake cmTC_e6eb4/fast && /usr/bin/gmake  -f CMakeFiles/cmTC_e6eb4.dir/build.make CMakeFiles/cmTC_e6eb4.dir/build
gmake[1]: Entering directory '/home/pi/ppsspp/build/CMakeFiles/CMakeTmp'
Building C object CMakeFiles/cmTC_e6eb4.dir/CheckFunctionExists.c.o
/usr/bin/cc  -isystem /opt/vc/include -isystem /opt/vc/include/interface/vcos/pthreads -isystem /opt/vc/include/interface/vmcx_host/linux -march=armv8-a+crc -mtune=cortex-a72 -funsafe-math-optimizations -march=armv8-a+crc -mtune=cortex-a72 -funsafe-math-optimizations -DCHECK_FUNCTION_EXISTS=remove -o CMakeFiles/cmTC_e6eb4.dir/CheckFunctionExists.c.o -c /usr/share/cmake-3.18/Modules/CheckFunctionExists.c
Linking C executable cmTC_e6eb4
/usr/bin/cmake -E cmake_link_script CMakeFiles/cmTC_e6eb4.dir/link.txt --verbose=1
/usr/bin/cc  -march=armv8-a+crc -mtune=cortex-a72 -funsafe-math-optimizations -march=armv8-a+crc -mtune=cortex-a72 -funsafe-math-optimizations -DCHECK_FUNCTION_EXISTS=remove -L/opt/vc/lib  CMakeFiles/cmTC_e6eb4.dir/CheckFunctionExists.c.o -o cmTC_e6eb4 
gmake[1]: Leaving directory '/home/pi/ppsspp/build/CMakeFiles/CMakeTmp'



Determining if the function shmat exists passed with the following output:
Change Dir: /home/pi/ppsspp/build/CMakeFiles/CMakeTmp

Run Build Command(s):/usr/bin/gmake cmTC_beb58/fast && /usr/bin/gmake  -f CMakeFiles/cmTC_beb58.dir/build.make CMakeFiles/cmTC_beb58.dir/build
gmake[1]: Entering directory '/home/pi/ppsspp/build/CMakeFiles/CMakeTmp'
Building C object CMakeFiles/cmTC_beb58.dir/CheckFunctionExists.c.o
/usr/bin/cc  -isystem /opt/vc/include -isystem /opt/vc/include/interface/vcos/pthreads -isystem /opt/vc/include/interface/vmcx_host/linux -march=armv8-a+crc -mtune=cortex-a72 -funsafe-math-optimizations -march=armv8-a+crc -mtune=cortex-a72 -funsafe-math-optimizations -DCHECK_FUNCTION_EXISTS=shmat -o CMakeFiles/cmTC_beb58.dir/CheckFunctionExists.c.o -c /usr/share/cmake-3.18/Modules/CheckFunctionExists.c
Linking C executable cmTC_beb58
/usr/bin/cmake -E cmake_link_script CMakeFiles/cmTC_beb58.dir/link.txt --verbose=1
/usr/bin/cc  -march=armv8-a+crc -mtune=cortex-a72 -funsafe-math-optimizations -march=armv8-a+crc -mtune=cortex-a72 -funsafe-math-optimizations -DCHECK_FUNCTION_EXISTS=shmat -L/opt/vc/lib  CMakeFiles/cmTC_beb58.dir/CheckFunctionExists.c.o -o cmTC_beb58 
gmake[1]: Leaving directory '/home/pi/ppsspp/build/CMakeFiles/CMakeTmp'



Determining if the function IceConnectionNumber exists in the ICE passed with the following output:
Change Dir: /home/pi/ppsspp/build/CMakeFiles/CMakeTmp

Run Build Command(s):/usr/bin/gmake cmTC_cb1c8/fast && /usr/bin/gmake  -f CMakeFiles/cmTC_cb1c8.dir/build.make CMakeFiles/cmTC_cb1c8.dir/build
gmake[1]: Entering directory '/home/pi/ppsspp/build/CMakeFiles/CMakeTmp'
Building C object CMakeFiles/cmTC_cb1c8.dir/CheckFunctionExists.c.o
/usr/bin/cc  -isystem /opt/vc/include -isystem /opt/vc/include/interface/vcos/pthreads -isystem /opt/vc/include/interface/vmcx_host/linux -march=armv8-a+crc -mtune=cortex-a72 -funsafe-math-optimizations -march=armv8-a+crc -mtune=cortex-a72 -funsafe-math-optimizations -DCHECK_FUNCTION_EXISTS=IceConnectionNumber -o CMakeFiles/cmTC_cb1c8.dir/CheckFunctionExists.c.o -c /usr/share/cmake-3.18/Modules/CheckFunctionExists.c
Linking C executable cmTC_cb1c8
/usr/bin/cmake -E cmake_link_script CMakeFiles/cmTC_cb1c8.dir/link.txt --verbose=1
/usr/bin/cc  -march=armv8-a+crc -mtune=cortex-a72 -funsafe-math-optimizations -march=armv8-a+crc -mtune=cortex-a72 -funsafe-math-optimizations -DCHECK_FUNCTION_EXISTS=IceConnectionNumber -L/opt/vc/lib  CMakeFiles/cmTC_cb1c8.dir/CheckFunctionExists.c.o -o cmTC_cb1c8  -lICE 
gmake[1]: Leaving directory '/home/pi/ppsspp/build/CMakeFiles/CMakeTmp'



